1 10 20
100 200 125
201 210 89
900 1000 174
1 1 1
63586 546 340
23176 994 279
60453 989 340
52780 590 340
39073 29 324
225 724 171
21814 938 279
88645 587 351
80767 420 351
14893 102 276
93274 560 351
58031 926 340
14439 771 276
70997 43 340
21853 840 279
86742 382 351
46371 854 324
4320 635 238
96963 131 351
13153 244 268
98682 519 351
93055 871 351
60646 996 340
85442 451 351
35372 263 311
17812 734 279
14205 601 276
47976 980 324
43712 250 324
94897 91 351
19610 251 279
77797 309 351
14446 157 276
77911 451 351
76693 733 340
10916 865 262
46611 993 324
6644 836 262
49234 580 324
97584 378 351
95397 429 351
44606 601 324
31913 129 308
16177 997 276
91527 654 351
91450 711 351
57257 114 340
43721 321 324
24345 431 282
84421 346 351
68095 282 340
19689 182 279
97460 449 351
65446 486 340
11326 250 268
33287 747 308
10451 86 262
10844 89 262
69870 836 340
36899 583 324
3774 727 238
29812 568 308
18994 496 279
72614 929 340
40779 555 324
2098 130 182
64236 966 340
6622 552 262
57878 785 340
22148 322 279
66888 341 340
27354 773 308
59730 548 340
27907 941 308
57511 815 340
73984 580 340
62075 854 340
88370 315 351
51295 840 324
84776 197 351
7206 285 262
64703 827 340
95653 761 351
40132 325 324
91570 616 351
87954 860 351
19818 716 279
33619 711 308
997 42 179
88113 255 351
39856 250 324
25710 806 282
31408 289 308
93062 986 351
72993 261 340
